<?xml version="1.0" encoding="UTF-8"?><testsuite errors="0" failures="0" name="acceptanceTests.compareTheMarketTest" skipped="0" tests="3" time="83.8" timestamp="2018-08-239 02:20:57"><testcase classname="acceptanceTests.compareTheMarketTest" name="Get quote for electricity, when user does not have a bill, they are prepay and knows how much they spend"/><testcase classname="acceptanceTests.compareTheMarketTest" name="Get quote for electricity, when user does not have a bill, does not know who their supplier is, and does not know how much they spend"/><testcase classname="acceptanceTests.compareTheMarketTest" name="User gets quote for dual fuel, user knows their suppliers, knows how much they spend and want a variable month quote"/></testsuite>